Start testing: Jul 13 14:40 Mitteleuropäische Sommerzeit
----------------------------------------------------------
1/28 Testing: QuatGolden.Dcm2Quat_MatchesGolden
1/28 Test: QuatGolden.Dcm2Quat_MatchesGolden
Command: "C:/Users/Nick/thesis_doctoral/MAS Versuchsaufbau/Drohnen/DROMA/Simulation/scripts/sitl/build/Release/test_quat_golden.exe" "--gtest_filter=QuatGolden.Dcm2Quat_MatchesGolden" "--gtest_also_run_disabled_tests"
Directory: C:/Users/Nick/thesis_doctoral/MAS Versuchsaufbau/Drohnen/DROMA/Simulation/scripts/sitl/build
"QuatGolden.Dcm2Quat_MatchesGolden" start time: Jul 13 14:40 Mitteleuropäische Sommerzeit
Output:
----------------------------------------------------------
Running main() from C:\Users\Nick\thesis_doctoral\MAS Versuchsaufbau\Drohnen\DROMA\Simulation\scripts\sitl\build\_deps\googletest-src\googletest\src\gtest_main.cc
Note: Google Test filter = QuatGolden.Dcm2Quat_MatchesGolden
[==========] Running 1 test from 1 test suite.
[----------] Global test environment set-up.
[----------] 1 test from QuatGolden
[ RUN      ] QuatGolden.Dcm2Quat_MatchesGolden
  dcm2quat worst |dq| = 2.310e-16 (Fall rand_b3_2), Zweige [14 5 5 7]
[       OK ] QuatGolden.Dcm2Quat_MatchesGolden (0 ms)
[----------] 1 test from QuatGolden (0 ms total)

[----------] Global test environment tear-down
[==========] 1 test from 1 test suite ran. (0 ms total)
[  PASSED  ] 1 test.
<end of output>
Test time =   0.02 sec
----------------------------------------------------------
Test Passed.
"QuatGolden.Dcm2Quat_MatchesGolden" end time: Jul 13 14:40 Mitteleuropäische Sommerzeit
"QuatGolden.Dcm2Quat_MatchesGolden" time elapsed: 00:00:00
----------------------------------------------------------

2/28 Testing: QuatGolden.Quat2Dcm_MatchesGolden
2/28 Test: QuatGolden.Quat2Dcm_MatchesGolden
Command: "C:/Users/Nick/thesis_doctoral/MAS Versuchsaufbau/Drohnen/DROMA/Simulation/scripts/sitl/build/Release/test_quat_golden.exe" "--gtest_filter=QuatGolden.Quat2Dcm_MatchesGolden" "--gtest_also_run_disabled_tests"
Directory: C:/Users/Nick/thesis_doctoral/MAS Versuchsaufbau/Drohnen/DROMA/Simulation/scripts/sitl/build
"QuatGolden.Quat2Dcm_MatchesGolden" start time: Jul 13 14:40 Mitteleuropäische Sommerzeit
Output:
----------------------------------------------------------
Running main() from C:\Users\Nick\thesis_doctoral\MAS Versuchsaufbau\Drohnen\DROMA\Simulation\scripts\sitl\build\_deps\googletest-src\googletest\src\gtest_main.cc
Note: Google Test filter = QuatGolden.Quat2Dcm_MatchesGolden
[==========] Running 1 test from 1 test suite.
[----------] Global test environment set-up.
[----------] 1 test from QuatGolden
[ RUN      ] QuatGolden.Quat2Dcm_MatchesGolden
  quat2dcm worst |dR| = 3.886e-16
[       OK ] QuatGolden.Quat2Dcm_MatchesGolden (0 ms)
[----------] 1 test from QuatGolden (0 ms total)

[----------] Global test environment tear-down
[==========] 1 test from 1 test suite ran. (0 ms total)
[  PASSED  ] 1 test.
<end of output>
Test time =   0.02 sec
----------------------------------------------------------
Test Passed.
"QuatGolden.Quat2Dcm_MatchesGolden" end time: Jul 13 14:40 Mitteleuropäische Sommerzeit
"QuatGolden.Quat2Dcm_MatchesGolden" time elapsed: 00:00:00
----------------------------------------------------------

3/28 Testing: QuatGolden.QuatMul_MatchesGolden
3/28 Test: QuatGolden.QuatMul_MatchesGolden
Command: "C:/Users/Nick/thesis_doctoral/MAS Versuchsaufbau/Drohnen/DROMA/Simulation/scripts/sitl/build/Release/test_quat_golden.exe" "--gtest_filter=QuatGolden.QuatMul_MatchesGolden" "--gtest_also_run_disabled_tests"
Directory: C:/Users/Nick/thesis_doctoral/MAS Versuchsaufbau/Drohnen/DROMA/Simulation/scripts/sitl/build
"QuatGolden.QuatMul_MatchesGolden" start time: Jul 13 14:40 Mitteleuropäische Sommerzeit
Output:
----------------------------------------------------------
Running main() from C:\Users\Nick\thesis_doctoral\MAS Versuchsaufbau\Drohnen\DROMA\Simulation\scripts\sitl\build\_deps\googletest-src\googletest\src\gtest_main.cc
Note: Google Test filter = QuatGolden.QuatMul_MatchesGolden
[==========] Running 1 test from 1 test suite.
[----------] Global test environment set-up.
[----------] 1 test from QuatGolden
[ RUN      ] QuatGolden.QuatMul_MatchesGolden
  quatMul  worst |dq| = 0.000e+00
[       OK ] QuatGolden.QuatMul_MatchesGolden (0 ms)
[----------] 1 test from QuatGolden (0 ms total)

[----------] Global test environment tear-down
[==========] 1 test from 1 test suite ran. (0 ms total)
[  PASSED  ] 1 test.
<end of output>
Test time =   0.02 sec
----------------------------------------------------------
Test Passed.
"QuatGolden.QuatMul_MatchesGolden" end time: Jul 13 14:40 Mitteleuropäische Sommerzeit
"QuatGolden.QuatMul_MatchesGolden" time elapsed: 00:00:00
----------------------------------------------------------

4/28 Testing: QuatGolden.QuatConj_MatchesGolden
4/28 Test: QuatGolden.QuatConj_MatchesGolden
Command: "C:/Users/Nick/thesis_doctoral/MAS Versuchsaufbau/Drohnen/DROMA/Simulation/scripts/sitl/build/Release/test_quat_golden.exe" "--gtest_filter=QuatGolden.QuatConj_MatchesGolden" "--gtest_also_run_disabled_tests"
Directory: C:/Users/Nick/thesis_doctoral/MAS Versuchsaufbau/Drohnen/DROMA/Simulation/scripts/sitl/build
"QuatGolden.QuatConj_MatchesGolden" start time: Jul 13 14:40 Mitteleuropäische Sommerzeit
Output:
----------------------------------------------------------
Running main() from C:\Users\Nick\thesis_doctoral\MAS Versuchsaufbau\Drohnen\DROMA\Simulation\scripts\sitl\build\_deps\googletest-src\googletest\src\gtest_main.cc
Note: Google Test filter = QuatGolden.QuatConj_MatchesGolden
[==========] Running 1 test from 1 test suite.
[----------] Global test environment set-up.
[----------] 1 test from QuatGolden
[ RUN      ] QuatGolden.QuatConj_MatchesGolden
  quatConj worst |d|  = 0.000e+00
[       OK ] QuatGolden.QuatConj_MatchesGolden (0 ms)
[----------] 1 test from QuatGolden (0 ms total)

[----------] Global test environment tear-down
[==========] 1 test from 1 test suite ran. (0 ms total)
[  PASSED  ] 1 test.
<end of output>
Test time =   0.01 sec
----------------------------------------------------------
Test Passed.
"QuatGolden.QuatConj_MatchesGolden" end time: Jul 13 14:40 Mitteleuropäische Sommerzeit
"QuatGolden.QuatConj_MatchesGolden" time elapsed: 00:00:00
----------------------------------------------------------

5/28 Testing: QuatGolden.QuatRotate_MatchesGolden
5/28 Test: QuatGolden.QuatRotate_MatchesGolden
Command: "C:/Users/Nick/thesis_doctoral/MAS Versuchsaufbau/Drohnen/DROMA/Simulation/scripts/sitl/build/Release/test_quat_golden.exe" "--gtest_filter=QuatGolden.QuatRotate_MatchesGolden" "--gtest_also_run_disabled_tests"
Directory: C:/Users/Nick/thesis_doctoral/MAS Versuchsaufbau/Drohnen/DROMA/Simulation/scripts/sitl/build
"QuatGolden.QuatRotate_MatchesGolden" start time: Jul 13 14:40 Mitteleuropäische Sommerzeit
Output:
----------------------------------------------------------
Running main() from C:\Users\Nick\thesis_doctoral\MAS Versuchsaufbau\Drohnen\DROMA\Simulation\scripts\sitl\build\_deps\googletest-src\googletest\src\gtest_main.cc
Note: Google Test filter = QuatGolden.QuatRotate_MatchesGolden
[==========] Running 1 test from 1 test suite.
[----------] Global test environment set-up.
[----------] 1 test from QuatGolden
[ RUN      ] QuatGolden.QuatRotate_MatchesGolden
  quatRotate worst |dv|=1.110e-16
[       OK ] QuatGolden.QuatRotate_MatchesGolden (0 ms)
[----------] 1 test from QuatGolden (0 ms total)

[----------] Global test environment tear-down
[==========] 1 test from 1 test suite ran. (0 ms total)
[  PASSED  ] 1 test.
<end of output>
Test time =   0.01 sec
----------------------------------------------------------
Test Passed.
"QuatGolden.QuatRotate_MatchesGolden" end time: Jul 13 14:40 Mitteleuropäische Sommerzeit
"QuatGolden.QuatRotate_MatchesGolden" time elapsed: 00:00:00
----------------------------------------------------------

6/28 Testing: QuatProps.RoundTripsAndIdentities
6/28 Test: QuatProps.RoundTripsAndIdentities
Command: "C:/Users/Nick/thesis_doctoral/MAS Versuchsaufbau/Drohnen/DROMA/Simulation/scripts/sitl/build/Release/test_quat_golden.exe" "--gtest_filter=QuatProps.RoundTripsAndIdentities" "--gtest_also_run_disabled_tests"
Directory: C:/Users/Nick/thesis_doctoral/MAS Versuchsaufbau/Drohnen/DROMA/Simulation/scripts/sitl/build
"QuatProps.RoundTripsAndIdentities" start time: Jul 13 14:40 Mitteleuropäische Sommerzeit
Output:
----------------------------------------------------------
Running main() from C:\Users\Nick\thesis_doctoral\MAS Versuchsaufbau\Drohnen\DROMA\Simulation\scripts\sitl\build\_deps\googletest-src\googletest\src\gtest_main.cc
Note: Google Test filter = QuatProps.RoundTripsAndIdentities
[==========] Running 1 test from 1 test suite.
[----------] Global test environment set-up.
[----------] 1 test from QuatProps
[ RUN      ] QuatProps.RoundTripsAndIdentities
  props: RTq=5.0e-16 RTR=8.9e-16 |q|=3.3e-16 id=0.0e+00 inv=4.5e-16 assoc=4.4e-16 rot=2.2e-15 len=1.8e-15 dcm=0.0e+00
[       OK ] QuatProps.RoundTripsAndIdentities (13 ms)
[----------] 1 test from QuatProps (13 ms total)

[----------] Global test environment tear-down
[==========] 1 test from 1 test suite ran. (13 ms total)
[  PASSED  ] 1 test.
<end of output>
Test time =   0.03 sec
----------------------------------------------------------
Test Passed.
"QuatProps.RoundTripsAndIdentities" end time: Jul 13 14:40 Mitteleuropäische Sommerzeit
"QuatProps.RoundTripsAndIdentities" time elapsed: 00:00:00
----------------------------------------------------------

7/28 Testing: Overspeed.S1_NoOverspeed
7/28 Test: Overspeed.S1_NoOverspeed
Command: "C:/Users/Nick/thesis_doctoral/MAS Versuchsaufbau/Drohnen/DROMA/Simulation/scripts/sitl/build/Release/test_safety.exe" "--gtest_filter=Overspeed.S1_NoOverspeed" "--gtest_also_run_disabled_tests"
Directory: C:/Users/Nick/thesis_doctoral/MAS Versuchsaufbau/Drohnen/DROMA/Simulation/scripts/sitl/build
"Overspeed.S1_NoOverspeed" start time: Jul 13 14:40 Mitteleuropäische Sommerzeit
Output:
----------------------------------------------------------
Running main() from C:\Users\Nick\thesis_doctoral\MAS Versuchsaufbau\Drohnen\DROMA\Simulation\scripts\sitl\build\_deps\googletest-src\googletest\src\gtest_main.cc
Note: Google Test filter = Overspeed.S1_NoOverspeed
[==========] Running 1 test from 1 test suite.
[----------] Global test environment set-up.
[----------] 1 test from Overspeed
[ RUN      ] Overspeed.S1_NoOverspeed
[       OK ] Overspeed.S1_NoOverspeed (0 ms)
[----------] 1 test from Overspeed (0 ms total)

[----------] Global test environment tear-down
[==========] 1 test from 1 test suite ran. (0 ms total)
[  PASSED  ] 1 test.
<end of output>
Test time =   0.01 sec
----------------------------------------------------------
Test Passed.
"Overspeed.S1_NoOverspeed" end time: Jul 13 14:40 Mitteleuropäische Sommerzeit
"Overspeed.S1_NoOverspeed" time elapsed: 00:00:00
----------------------------------------------------------

8/28 Testing: Overspeed.S2_Nminus1_NoLatch
8/28 Test: Overspeed.S2_Nminus1_NoLatch
Command: "C:/Users/Nick/thesis_doctoral/MAS Versuchsaufbau/Drohnen/DROMA/Simulation/scripts/sitl/build/Release/test_safety.exe" "--gtest_filter=Overspeed.S2_Nminus1_NoLatch" "--gtest_also_run_disabled_tests"
Directory: C:/Users/Nick/thesis_doctoral/MAS Versuchsaufbau/Drohnen/DROMA/Simulation/scripts/sitl/build
"Overspeed.S2_Nminus1_NoLatch" start time: Jul 13 14:40 Mitteleuropäische Sommerzeit
Output:
----------------------------------------------------------
Running main() from C:\Users\Nick\thesis_doctoral\MAS Versuchsaufbau\Drohnen\DROMA\Simulation\scripts\sitl\build\_deps\googletest-src\googletest\src\gtest_main.cc
Note: Google Test filter = Overspeed.S2_Nminus1_NoLatch
[==========] Running 1 test from 1 test suite.
[----------] Global test environment set-up.
[----------] 1 test from Overspeed
[ RUN      ] Overspeed.S2_Nminus1_NoLatch
[       OK ] Overspeed.S2_Nminus1_NoLatch (0 ms)
[----------] 1 test from Overspeed (0 ms total)

[----------] Global test environment tear-down
[==========] 1 test from 1 test suite ran. (0 ms total)
[  PASSED  ] 1 test.
<end of output>
Test time =   0.01 sec
----------------------------------------------------------
Test Passed.
"Overspeed.S2_Nminus1_NoLatch" end time: Jul 13 14:40 Mitteleuropäische Sommerzeit
"Overspeed.S2_Nminus1_NoLatch" time elapsed: 00:00:00
----------------------------------------------------------

9/28 Testing: Overspeed.S3_TripAtNth_Holds
9/28 Test: Overspeed.S3_TripAtNth_Holds
Command: "C:/Users/Nick/thesis_doctoral/MAS Versuchsaufbau/Drohnen/DROMA/Simulation/scripts/sitl/build/Release/test_safety.exe" "--gtest_filter=Overspeed.S3_TripAtNth_Holds" "--gtest_also_run_disabled_tests"
Directory: C:/Users/Nick/thesis_doctoral/MAS Versuchsaufbau/Drohnen/DROMA/Simulation/scripts/sitl/build
"Overspeed.S3_TripAtNth_Holds" start time: Jul 13 14:40 Mitteleuropäische Sommerzeit
Output:
----------------------------------------------------------
Running main() from C:\Users\Nick\thesis_doctoral\MAS Versuchsaufbau\Drohnen\DROMA\Simulation\scripts\sitl\build\_deps\googletest-src\googletest\src\gtest_main.cc
Note: Google Test filter = Overspeed.S3_TripAtNth_Holds
[==========] Running 1 test from 1 test suite.
[----------] Global test environment set-up.
[----------] 1 test from Overspeed
[ RUN      ] Overspeed.S3_TripAtNth_Holds
[       OK ] Overspeed.S3_TripAtNth_Holds (0 ms)
[----------] 1 test from Overspeed (0 ms total)

[----------] Global test environment tear-down
[==========] 1 test from 1 test suite ran. (0 ms total)
[  PASSED  ] 1 test.
<end of output>
Test time =   0.01 sec
----------------------------------------------------------
Test Passed.
"Overspeed.S3_TripAtNth_Holds" end time: Jul 13 14:40 Mitteleuropäische Sommerzeit
"Overspeed.S3_TripAtNth_Holds" time elapsed: 00:00:00
----------------------------------------------------------

10/28 Testing: Overspeed.S4_AckDuringOverspeed_NoRearm
10/28 Test: Overspeed.S4_AckDuringOverspeed_NoRearm
Command: "C:/Users/Nick/thesis_doctoral/MAS Versuchsaufbau/Drohnen/DROMA/Simulation/scripts/sitl/build/Release/test_safety.exe" "--gtest_filter=Overspeed.S4_AckDuringOverspeed_NoRearm" "--gtest_also_run_disabled_tests"
Directory: C:/Users/Nick/thesis_doctoral/MAS Versuchsaufbau/Drohnen/DROMA/Simulation/scripts/sitl/build
"Overspeed.S4_AckDuringOverspeed_NoRearm" start time: Jul 13 14:40 Mitteleuropäische Sommerzeit
Output:
----------------------------------------------------------
Running main() from C:\Users\Nick\thesis_doctoral\MAS Versuchsaufbau\Drohnen\DROMA\Simulation\scripts\sitl\build\_deps\googletest-src\googletest\src\gtest_main.cc
Note: Google Test filter = Overspeed.S4_AckDuringOverspeed_NoRearm
[==========] Running 1 test from 1 test suite.
[----------] Global test environment set-up.
[----------] 1 test from Overspeed
[ RUN      ] Overspeed.S4_AckDuringOverspeed_NoRearm
[       OK ] Overspeed.S4_AckDuringOverspeed_NoRearm (0 ms)
[----------] 1 test from Overspeed (0 ms total)

[----------] Global test environment tear-down
[==========] 1 test from 1 test suite ran. (0 ms total)
[  PASSED  ] 1 test.
<end of output>
Test time =   0.01 sec
----------------------------------------------------------
Test Passed.
"Overspeed.S4_AckDuringOverspeed_NoRearm" end time: Jul 13 14:40 Mitteleuropäische Sommerzeit
"Overspeed.S4_AckDuringOverspeed_NoRearm" time elapsed: 00:00:00
----------------------------------------------------------

11/28 Testing: Overspeed.S5_AckEdge_Rearms
11/28 Test: Overspeed.S5_AckEdge_Rearms
Command: "C:/Users/Nick/thesis_doctoral/MAS Versuchsaufbau/Drohnen/DROMA/Simulation/scripts/sitl/build/Release/test_safety.exe" "--gtest_filter=Overspeed.S5_AckEdge_Rearms" "--gtest_also_run_disabled_tests"
Directory: C:/Users/Nick/thesis_doctoral/MAS Versuchsaufbau/Drohnen/DROMA/Simulation/scripts/sitl/build
"Overspeed.S5_AckEdge_Rearms" start time: Jul 13 14:40 Mitteleuropäische Sommerzeit
Output:
----------------------------------------------------------
Running main() from C:\Users\Nick\thesis_doctoral\MAS Versuchsaufbau\Drohnen\DROMA\Simulation\scripts\sitl\build\_deps\googletest-src\googletest\src\gtest_main.cc
Note: Google Test filter = Overspeed.S5_AckEdge_Rearms
[==========] Running 1 test from 1 test suite.
[----------] Global test environment set-up.
[----------] 1 test from Overspeed
[ RUN      ] Overspeed.S5_AckEdge_Rearms
[       OK ] Overspeed.S5_AckEdge_Rearms (0 ms)
[----------] 1 test from Overspeed (0 ms total)

[----------] Global test environment tear-down
[==========] 1 test from 1 test suite ran. (0 ms total)
[  PASSED  ] 1 test.
<end of output>
Test time =   0.01 sec
----------------------------------------------------------
Test Passed.
"Overspeed.S5_AckEdge_Rearms" end time: Jul 13 14:40 Mitteleuropäische Sommerzeit
"Overspeed.S5_AckEdge_Rearms" time elapsed: 00:00:00
----------------------------------------------------------

12/28 Testing: Overspeed.S6_HeldAck_NoAutoRearm
12/28 Test: Overspeed.S6_HeldAck_NoAutoRearm
Command: "C:/Users/Nick/thesis_doctoral/MAS Versuchsaufbau/Drohnen/DROMA/Simulation/scripts/sitl/build/Release/test_safety.exe" "--gtest_filter=Overspeed.S6_HeldAck_NoAutoRearm" "--gtest_also_run_disabled_tests"
Directory: C:/Users/Nick/thesis_doctoral/MAS Versuchsaufbau/Drohnen/DROMA/Simulation/scripts/sitl/build
"Overspeed.S6_HeldAck_NoAutoRearm" start time: Jul 13 14:40 Mitteleuropäische Sommerzeit
Output:
----------------------------------------------------------
Running main() from C:\Users\Nick\thesis_doctoral\MAS Versuchsaufbau\Drohnen\DROMA\Simulation\scripts\sitl\build\_deps\googletest-src\googletest\src\gtest_main.cc
Note: Google Test filter = Overspeed.S6_HeldAck_NoAutoRearm
[==========] Running 1 test from 1 test suite.
[----------] Global test environment set-up.
[----------] 1 test from Overspeed
[ RUN      ] Overspeed.S6_HeldAck_NoAutoRearm
[       OK ] Overspeed.S6_HeldAck_NoAutoRearm (0 ms)
[----------] 1 test from Overspeed (0 ms total)

[----------] Global test environment tear-down
[==========] 1 test from 1 test suite ran. (0 ms total)
[  PASSED  ] 1 test.
<end of output>
Test time =   0.01 sec
----------------------------------------------------------
Test Passed.
"Overspeed.S6_HeldAck_NoAutoRearm" end time: Jul 13 14:40 Mitteleuropäische Sommerzeit
"Overspeed.S6_HeldAck_NoAutoRearm" time elapsed: 00:00:00
----------------------------------------------------------

13/28 Testing: Overspeed.S7_HardKill_Immediate
13/28 Test: Overspeed.S7_HardKill_Immediate
Command: "C:/Users/Nick/thesis_doctoral/MAS Versuchsaufbau/Drohnen/DROMA/Simulation/scripts/sitl/build/Release/test_safety.exe" "--gtest_filter=Overspeed.S7_HardKill_Immediate" "--gtest_also_run_disabled_tests"
Directory: C:/Users/Nick/thesis_doctoral/MAS Versuchsaufbau/Drohnen/DROMA/Simulation/scripts/sitl/build
"Overspeed.S7_HardKill_Immediate" start time: Jul 13 14:40 Mitteleuropäische Sommerzeit
Output:
----------------------------------------------------------
Running main() from C:\Users\Nick\thesis_doctoral\MAS Versuchsaufbau\Drohnen\DROMA\Simulation\scripts\sitl\build\_deps\googletest-src\googletest\src\gtest_main.cc
Note: Google Test filter = Overspeed.S7_HardKill_Immediate
[==========] Running 1 test from 1 test suite.
[----------] Global test environment set-up.
[----------] 1 test from Overspeed
[ RUN      ] Overspeed.S7_HardKill_Immediate
[       OK ] Overspeed.S7_HardKill_Immediate (0 ms)
[----------] 1 test from Overspeed (0 ms total)

[----------] Global test environment tear-down
[==========] 1 test from 1 test suite ran. (0 ms total)
[  PASSED  ] 1 test.
<end of output>
Test time =   0.01 sec
----------------------------------------------------------
Test Passed.
"Overspeed.S7_HardKill_Immediate" end time: Jul 13 14:40 Mitteleuropäische Sommerzeit
"Overspeed.S7_HardKill_Immediate" time elapsed: 00:00:00
----------------------------------------------------------

14/28 Testing: Overspeed.S8_KillDominatesLand
14/28 Test: Overspeed.S8_KillDominatesLand
Command: "C:/Users/Nick/thesis_doctoral/MAS Versuchsaufbau/Drohnen/DROMA/Simulation/scripts/sitl/build/Release/test_safety.exe" "--gtest_filter=Overspeed.S8_KillDominatesLand" "--gtest_also_run_disabled_tests"
Directory: C:/Users/Nick/thesis_doctoral/MAS Versuchsaufbau/Drohnen/DROMA/Simulation/scripts/sitl/build
"Overspeed.S8_KillDominatesLand" start time: Jul 13 14:40 Mitteleuropäische Sommerzeit
Output:
----------------------------------------------------------
Running main() from C:\Users\Nick\thesis_doctoral\MAS Versuchsaufbau\Drohnen\DROMA\Simulation\scripts\sitl\build\_deps\googletest-src\googletest\src\gtest_main.cc
Note: Google Test filter = Overspeed.S8_KillDominatesLand
[==========] Running 1 test from 1 test suite.
[----------] Global test environment set-up.
[----------] 1 test from Overspeed
[ RUN      ] Overspeed.S8_KillDominatesLand
[       OK ] Overspeed.S8_KillDominatesLand (0 ms)
[----------] 1 test from Overspeed (0 ms total)

[----------] Global test environment tear-down
[==========] 1 test from 1 test suite ran. (0 ms total)
[  PASSED  ] 1 test.
<end of output>
Test time =   0.01 sec
----------------------------------------------------------
Test Passed.
"Overspeed.S8_KillDominatesLand" end time: Jul 13 14:40 Mitteleuropäische Sommerzeit
"Overspeed.S8_KillDominatesLand" time elapsed: 00:00:00
----------------------------------------------------------

15/28 Testing: Battery.B1_ColdStart_NoFalseTrip
15/28 Test: Battery.B1_ColdStart_NoFalseTrip
Command: "C:/Users/Nick/thesis_doctoral/MAS Versuchsaufbau/Drohnen/DROMA/Simulation/scripts/sitl/build/Release/test_safety.exe" "--gtest_filter=Battery.B1_ColdStart_NoFalseTrip" "--gtest_also_run_disabled_tests"
Directory: C:/Users/Nick/thesis_doctoral/MAS Versuchsaufbau/Drohnen/DROMA/Simulation/scripts/sitl/build
"Battery.B1_ColdStart_NoFalseTrip" start time: Jul 13 14:40 Mitteleuropäische Sommerzeit
Output:
----------------------------------------------------------
Running main() from C:\Users\Nick\thesis_doctoral\MAS Versuchsaufbau\Drohnen\DROMA\Simulation\scripts\sitl\build\_deps\googletest-src\googletest\src\gtest_main.cc
Note: Google Test filter = Battery.B1_ColdStart_NoFalseTrip
[==========] Running 1 test from 1 test suite.
[----------] Global test environment set-up.
[----------] 1 test from Battery
[ RUN      ] Battery.B1_ColdStart_NoFalseTrip
[       OK ] Battery.B1_ColdStart_NoFalseTrip (0 ms)
[----------] 1 test from Battery (0 ms total)

[----------] Global test environment tear-down
[==========] 1 test from 1 test suite ran. (0 ms total)
[  PASSED  ] 1 test.
<end of output>
Test time =   0.01 sec
----------------------------------------------------------
Test Passed.
"Battery.B1_ColdStart_NoFalseTrip" end time: Jul 13 14:40 Mitteleuropäische Sommerzeit
"Battery.B1_ColdStart_NoFalseTrip" time elapsed: 00:00:00
----------------------------------------------------------

16/28 Testing: Battery.B2_Ramp_Escalation
16/28 Test: Battery.B2_Ramp_Escalation
Command: "C:/Users/Nick/thesis_doctoral/MAS Versuchsaufbau/Drohnen/DROMA/Simulation/scripts/sitl/build/Release/test_safety.exe" "--gtest_filter=Battery.B2_Ramp_Escalation" "--gtest_also_run_disabled_tests"
Directory: C:/Users/Nick/thesis_doctoral/MAS Versuchsaufbau/Drohnen/DROMA/Simulation/scripts/sitl/build
"Battery.B2_Ramp_Escalation" start time: Jul 13 14:40 Mitteleuropäische Sommerzeit
Output:
----------------------------------------------------------
Running main() from C:\Users\Nick\thesis_doctoral\MAS Versuchsaufbau\Drohnen\DROMA\Simulation\scripts\sitl\build\_deps\googletest-src\googletest\src\gtest_main.cc
Note: Google Test filter = Battery.B2_Ramp_Escalation
[==========] Running 1 test from 1 test suite.
[----------] Global test environment set-up.
[----------] 1 test from Battery
[ RUN      ] Battery.B2_Ramp_Escalation
[       OK ] Battery.B2_Ramp_Escalation (0 ms)
[----------] 1 test from Battery (0 ms total)

[----------] Global test environment tear-down
[==========] 1 test from 1 test suite ran. (0 ms total)
[  PASSED  ] 1 test.
<end of output>
Test time =   0.01 sec
----------------------------------------------------------
Test Passed.
"Battery.B2_Ramp_Escalation" end time: Jul 13 14:40 Mitteleuropäische Sommerzeit
"Battery.B2_Ramp_Escalation" time elapsed: 00:00:00
----------------------------------------------------------

17/28 Testing: Battery.B3_Hysteresis_NoChatter
17/28 Test: Battery.B3_Hysteresis_NoChatter
Command: "C:/Users/Nick/thesis_doctoral/MAS Versuchsaufbau/Drohnen/DROMA/Simulation/scripts/sitl/build/Release/test_safety.exe" "--gtest_filter=Battery.B3_Hysteresis_NoChatter" "--gtest_also_run_disabled_tests"
Directory: C:/Users/Nick/thesis_doctoral/MAS Versuchsaufbau/Drohnen/DROMA/Simulation/scripts/sitl/build
"Battery.B3_Hysteresis_NoChatter" start time: Jul 13 14:40 Mitteleuropäische Sommerzeit
Output:
----------------------------------------------------------
Running main() from C:\Users\Nick\thesis_doctoral\MAS Versuchsaufbau\Drohnen\DROMA\Simulation\scripts\sitl\build\_deps\googletest-src\googletest\src\gtest_main.cc
Note: Google Test filter = Battery.B3_Hysteresis_NoChatter
[==========] Running 1 test from 1 test suite.
[----------] Global test environment set-up.
[----------] 1 test from Battery
[ RUN      ] Battery.B3_Hysteresis_NoChatter
[       OK ] Battery.B3_Hysteresis_NoChatter (0 ms)
[----------] 1 test from Battery (0 ms total)

[----------] Global test environment tear-down
[==========] 1 test from 1 test suite ran. (0 ms total)
[  PASSED  ] 1 test.
<end of output>
Test time =   0.01 sec
----------------------------------------------------------
Test Passed.
"Battery.B3_Hysteresis_NoChatter" end time: Jul 13 14:40 Mitteleuropäische Sommerzeit
"Battery.B3_Hysteresis_NoChatter" time elapsed: 00:00:00
----------------------------------------------------------

18/28 Testing: Battery.B4_FloorLatch_Sticky
18/28 Test: Battery.B4_FloorLatch_Sticky
Command: "C:/Users/Nick/thesis_doctoral/MAS Versuchsaufbau/Drohnen/DROMA/Simulation/scripts/sitl/build/Release/test_safety.exe" "--gtest_filter=Battery.B4_FloorLatch_Sticky" "--gtest_also_run_disabled_tests"
Directory: C:/Users/Nick/thesis_doctoral/MAS Versuchsaufbau/Drohnen/DROMA/Simulation/scripts/sitl/build
"Battery.B4_FloorLatch_Sticky" start time: Jul 13 14:40 Mitteleuropäische Sommerzeit
Output:
----------------------------------------------------------
Running main() from C:\Users\Nick\thesis_doctoral\MAS Versuchsaufbau\Drohnen\DROMA\Simulation\scripts\sitl\build\_deps\googletest-src\googletest\src\gtest_main.cc
Note: Google Test filter = Battery.B4_FloorLatch_Sticky
[==========] Running 1 test from 1 test suite.
[----------] Global test environment set-up.
[----------] 1 test from Battery
[ RUN      ] Battery.B4_FloorLatch_Sticky
[       OK ] Battery.B4_FloorLatch_Sticky (0 ms)
[----------] 1 test from Battery (0 ms total)

[----------] Global test environment tear-down
[==========] 1 test from 1 test suite ran. (0 ms total)
[  PASSED  ] 1 test.
<end of output>
Test time =   0.01 sec
----------------------------------------------------------
Test Passed.
"Battery.B4_FloorLatch_Sticky" end time: Jul 13 14:40 Mitteleuropäische Sommerzeit
"Battery.B4_FloorLatch_Sticky" time elapsed: 00:00:00
----------------------------------------------------------

19/28 Testing: Battery.B5_EMA_FiltersShortSag
19/28 Test: Battery.B5_EMA_FiltersShortSag
Command: "C:/Users/Nick/thesis_doctoral/MAS Versuchsaufbau/Drohnen/DROMA/Simulation/scripts/sitl/build/Release/test_safety.exe" "--gtest_filter=Battery.B5_EMA_FiltersShortSag" "--gtest_also_run_disabled_tests"
Directory: C:/Users/Nick/thesis_doctoral/MAS Versuchsaufbau/Drohnen/DROMA/Simulation/scripts/sitl/build
"Battery.B5_EMA_FiltersShortSag" start time: Jul 13 14:40 Mitteleuropäische Sommerzeit
Output:
----------------------------------------------------------
Running main() from C:\Users\Nick\thesis_doctoral\MAS Versuchsaufbau\Drohnen\DROMA\Simulation\scripts\sitl\build\_deps\googletest-src\googletest\src\gtest_main.cc
Note: Google Test filter = Battery.B5_EMA_FiltersShortSag
[==========] Running 1 test from 1 test suite.
[----------] Global test environment set-up.
[----------] 1 test from Battery
[ RUN      ] Battery.B5_EMA_FiltersShortSag
[       OK ] Battery.B5_EMA_FiltersShortSag (0 ms)
[----------] 1 test from Battery (0 ms total)

[----------] Global test environment tear-down
[==========] 1 test from 1 test suite ran. (0 ms total)
[  PASSED  ] 1 test.
<end of output>
Test time =   0.01 sec
----------------------------------------------------------
Test Passed.
"Battery.B5_EMA_FiltersShortSag" end time: Jul 13 14:40 Mitteleuropäische Sommerzeit
"Battery.B5_EMA_FiltersShortSag" time elapsed: 00:00:00
----------------------------------------------------------

20/28 Testing: Battery.B6_CountRange
20/28 Test: Battery.B6_CountRange
Command: "C:/Users/Nick/thesis_doctoral/MAS Versuchsaufbau/Drohnen/DROMA/Simulation/scripts/sitl/build/Release/test_safety.exe" "--gtest_filter=Battery.B6_CountRange" "--gtest_also_run_disabled_tests"
Directory: C:/Users/Nick/thesis_doctoral/MAS Versuchsaufbau/Drohnen/DROMA/Simulation/scripts/sitl/build
"Battery.B6_CountRange" start time: Jul 13 14:40 Mitteleuropäische Sommerzeit
Output:
----------------------------------------------------------
Running main() from C:\Users\Nick\thesis_doctoral\MAS Versuchsaufbau\Drohnen\DROMA\Simulation\scripts\sitl\build\_deps\googletest-src\googletest\src\gtest_main.cc
Note: Google Test filter = Battery.B6_CountRange
[==========] Running 1 test from 1 test suite.
[----------] Global test environment set-up.
[----------] 1 test from Battery
[ RUN      ] Battery.B6_CountRange
[       OK ] Battery.B6_CountRange (0 ms)
[----------] 1 test from Battery (0 ms total)

[----------] Global test environment tear-down
[==========] 1 test from 1 test suite ran. (0 ms total)
[  PASSED  ] 1 test.
<end of output>
Test time =   0.01 sec
----------------------------------------------------------
Test Passed.
"Battery.B6_CountRange" end time: Jul 13 14:40 Mitteleuropäische Sommerzeit
"Battery.B6_CountRange" time elapsed: 00:00:00
----------------------------------------------------------

21/28 Testing: LinkCodec.WireBitExact
21/28 Test: LinkCodec.WireBitExact
Command: "C:/Users/Nick/thesis_doctoral/MAS Versuchsaufbau/Drohnen/DROMA/Simulation/scripts/sitl/build/Release/test_link_codec.exe" "--gtest_filter=LinkCodec.WireBitExact" "--gtest_also_run_disabled_tests"
Directory: C:/Users/Nick/thesis_doctoral/MAS Versuchsaufbau/Drohnen/DROMA/Simulation/scripts/sitl/build
"LinkCodec.WireBitExact" start time: Jul 13 14:40 Mitteleuropäische Sommerzeit
Output:
----------------------------------------------------------
Running main() from C:\Users\Nick\thesis_doctoral\MAS Versuchsaufbau\Drohnen\DROMA\Simulation\scripts\sitl\build\_deps\googletest-src\googletest\src\gtest_main.cc
Note: Google Test filter = LinkCodec.WireBitExact
[==========] Running 1 test from 1 test suite.
[----------] Global test environment set-up.
[----------] 1 test from LinkCodec
[ RUN      ] LinkCodec.WireBitExact
[       OK ] LinkCodec.WireBitExact (5 ms)
[----------] 1 test from LinkCodec (5 ms total)

[----------] Global test environment tear-down
[==========] 1 test from 1 test suite ran. (5 ms total)
[  PASSED  ] 1 test.
<end of output>
Test time =   0.02 sec
----------------------------------------------------------
Test Passed.
"LinkCodec.WireBitExact" end time: Jul 13 14:40 Mitteleuropäische Sommerzeit
"LinkCodec.WireBitExact" time elapsed: 00:00:00
----------------------------------------------------------

22/28 Testing: LinkCodec.DecodeMatchesRx
22/28 Test: LinkCodec.DecodeMatchesRx
Command: "C:/Users/Nick/thesis_doctoral/MAS Versuchsaufbau/Drohnen/DROMA/Simulation/scripts/sitl/build/Release/test_link_codec.exe" "--gtest_filter=LinkCodec.DecodeMatchesRx" "--gtest_also_run_disabled_tests"
Directory: C:/Users/Nick/thesis_doctoral/MAS Versuchsaufbau/Drohnen/DROMA/Simulation/scripts/sitl/build
"LinkCodec.DecodeMatchesRx" start time: Jul 13 14:40 Mitteleuropäische Sommerzeit
Output:
----------------------------------------------------------
Running main() from C:\Users\Nick\thesis_doctoral\MAS Versuchsaufbau\Drohnen\DROMA\Simulation\scripts\sitl\build\_deps\googletest-src\googletest\src\gtest_main.cc
Note: Google Test filter = LinkCodec.DecodeMatchesRx
[==========] Running 1 test from 1 test suite.
[----------] Global test environment set-up.
[----------] 1 test from LinkCodec
[ RUN      ] LinkCodec.DecodeMatchesRx
[       OK ] LinkCodec.DecodeMatchesRx (5 ms)
[----------] 1 test from LinkCodec (5 ms total)

[----------] Global test environment tear-down
[==========] 1 test from 1 test suite ran. (5 ms total)
[  PASSED  ] 1 test.
<end of output>
Test time =   0.02 sec
----------------------------------------------------------
Test Passed.
"LinkCodec.DecodeMatchesRx" end time: Jul 13 14:40 Mitteleuropäische Sommerzeit
"LinkCodec.DecodeMatchesRx" time elapsed: 00:00:00
----------------------------------------------------------

23/28 Testing: LinkCodec.HeaderRoundTrip
23/28 Test: LinkCodec.HeaderRoundTrip
Command: "C:/Users/Nick/thesis_doctoral/MAS Versuchsaufbau/Drohnen/DROMA/Simulation/scripts/sitl/build/Release/test_link_codec.exe" "--gtest_filter=LinkCodec.HeaderRoundTrip" "--gtest_also_run_disabled_tests"
Directory: C:/Users/Nick/thesis_doctoral/MAS Versuchsaufbau/Drohnen/DROMA/Simulation/scripts/sitl/build
"LinkCodec.HeaderRoundTrip" start time: Jul 13 14:40 Mitteleuropäische Sommerzeit
Output:
----------------------------------------------------------
Running main() from C:\Users\Nick\thesis_doctoral\MAS Versuchsaufbau\Drohnen\DROMA\Simulation\scripts\sitl\build\_deps\googletest-src\googletest\src\gtest_main.cc
Note: Google Test filter = LinkCodec.HeaderRoundTrip
[==========] Running 1 test from 1 test suite.
[----------] Global test environment set-up.
[----------] 1 test from LinkCodec
[ RUN      ] LinkCodec.HeaderRoundTrip
[       OK ] LinkCodec.HeaderRoundTrip (5 ms)
[----------] 1 test from LinkCodec (5 ms total)

[----------] Global test environment tear-down
[==========] 1 test from 1 test suite ran. (5 ms total)
[  PASSED  ] 1 test.
<end of output>
Test time =   0.02 sec
----------------------------------------------------------
Test Passed.
"LinkCodec.HeaderRoundTrip" end time: Jul 13 14:40 Mitteleuropäische Sommerzeit
"LinkCodec.HeaderRoundTrip" time elapsed: 00:00:00
----------------------------------------------------------

24/28 Testing: GcsFrame.ParseMatchesGolden
24/28 Test: GcsFrame.ParseMatchesGolden
Command: "C:/Users/Nick/thesis_doctoral/MAS Versuchsaufbau/Drohnen/DROMA/Simulation/scripts/sitl/build/Release/test_gcs_frame.exe" "--gtest_filter=GcsFrame.ParseMatchesGolden" "--gtest_also_run_disabled_tests"
Directory: C:/Users/Nick/thesis_doctoral/MAS Versuchsaufbau/Drohnen/DROMA/Simulation/scripts/sitl/build
"GcsFrame.ParseMatchesGolden" start time: Jul 13 14:40 Mitteleuropäische Sommerzeit
Output:
----------------------------------------------------------
Running main() from C:\Users\Nick\thesis_doctoral\MAS Versuchsaufbau\Drohnen\DROMA\Simulation\scripts\sitl\build\_deps\googletest-src\googletest\src\gtest_main.cc
Note: Google Test filter = GcsFrame.ParseMatchesGolden
[==========] Running 1 test from 1 test suite.
[----------] Global test environment set-up.
[----------] 1 test from GcsFrame
[ RUN      ] GcsFrame.ParseMatchesGolden
[       OK ] GcsFrame.ParseMatchesGolden (2 ms)
[----------] 1 test from GcsFrame (2 ms total)

[----------] Global test environment tear-down
[==========] 1 test from 1 test suite ran. (2 ms total)
[  PASSED  ] 1 test.
<end of output>
Test time =   0.01 sec
----------------------------------------------------------
Test Passed.
"GcsFrame.ParseMatchesGolden" end time: Jul 13 14:40 Mitteleuropäische Sommerzeit
"GcsFrame.ParseMatchesGolden" time elapsed: 00:00:00
----------------------------------------------------------

25/28 Testing: GcsFrame.RejectsCorruption
25/28 Test: GcsFrame.RejectsCorruption
Command: "C:/Users/Nick/thesis_doctoral/MAS Versuchsaufbau/Drohnen/DROMA/Simulation/scripts/sitl/build/Release/test_gcs_frame.exe" "--gtest_filter=GcsFrame.RejectsCorruption" "--gtest_also_run_disabled_tests"
Directory: C:/Users/Nick/thesis_doctoral/MAS Versuchsaufbau/Drohnen/DROMA/Simulation/scripts/sitl/build
"GcsFrame.RejectsCorruption" start time: Jul 13 14:40 Mitteleuropäische Sommerzeit
Output:
----------------------------------------------------------
Running main() from C:\Users\Nick\thesis_doctoral\MAS Versuchsaufbau\Drohnen\DROMA\Simulation\scripts\sitl\build\_deps\googletest-src\googletest\src\gtest_main.cc
Note: Google Test filter = GcsFrame.RejectsCorruption
[==========] Running 1 test from 1 test suite.
[----------] Global test environment set-up.
[----------] 1 test from GcsFrame
[ RUN      ] GcsFrame.RejectsCorruption
[       OK ] GcsFrame.RejectsCorruption (2 ms)
[----------] 1 test from GcsFrame (2 ms total)

[----------] Global test environment tear-down
[==========] 1 test from 1 test suite ran. (2 ms total)
[  PASSED  ] 1 test.
<end of output>
Test time =   0.02 sec
----------------------------------------------------------
Test Passed.
"GcsFrame.RejectsCorruption" end time: Jul 13 14:40 Mitteleuropäische Sommerzeit
"GcsFrame.RejectsCorruption" time elapsed: 00:00:00
----------------------------------------------------------

26/28 Testing: McuGolden.RotorCmdMatchesGolden
26/28 Test: McuGolden.RotorCmdMatchesGolden
Command: "C:/Users/Nick/thesis_doctoral/MAS Versuchsaufbau/Drohnen/DROMA/Simulation/scripts/sitl/build/Release/test_mcu_model.exe" "--gtest_filter=McuGolden.RotorCmdMatchesGolden" "--gtest_also_run_disabled_tests"
Directory: C:/Users/Nick/thesis_doctoral/MAS Versuchsaufbau/Drohnen/DROMA/Simulation/scripts/sitl/build
"McuGolden.RotorCmdMatchesGolden" start time: Jul 13 14:40 Mitteleuropäische Sommerzeit
Output:
----------------------------------------------------------
Running main() from C:\Users\Nick\thesis_doctoral\MAS Versuchsaufbau\Drohnen\DROMA\Simulation\scripts\sitl\build\_deps\googletest-src\googletest\src\gtest_main.cc
Note: Google Test filter = McuGolden.RotorCmdMatchesGolden
[==========] Running 1 test from 1 test suite.
[----------] Global test environment set-up.
[----------] 1 test from McuGolden
[ RUN      ] McuGolden.RotorCmdMatchesGolden
[       OK ] McuGolden.RotorCmdMatchesGolden (81 ms)
[----------] 1 test from McuGolden (81 ms total)

[----------] Global test environment tear-down
[==========] 1 test from 1 test suite ran. (81 ms total)
[  PASSED  ] 1 test.
<end of output>
Test time =   0.10 sec
----------------------------------------------------------
Test Passed.
"McuGolden.RotorCmdMatchesGolden" end time: Jul 13 14:40 Mitteleuropäische Sommerzeit
"McuGolden.RotorCmdMatchesGolden" time elapsed: 00:00:00
----------------------------------------------------------

27/28 Testing: McuGolden.DeterministicAcrossFreshInstances
27/28 Test: McuGolden.DeterministicAcrossFreshInstances
Command: "C:/Users/Nick/thesis_doctoral/MAS Versuchsaufbau/Drohnen/DROMA/Simulation/scripts/sitl/build/Release/test_mcu_model.exe" "--gtest_filter=McuGolden.DeterministicAcrossFreshInstances" "--gtest_also_run_disabled_tests"
Directory: C:/Users/Nick/thesis_doctoral/MAS Versuchsaufbau/Drohnen/DROMA/Simulation/scripts/sitl/build
"McuGolden.DeterministicAcrossFreshInstances" start time: Jul 13 14:40 Mitteleuropäische Sommerzeit
Output:
----------------------------------------------------------
Running main() from C:\Users\Nick\thesis_doctoral\MAS Versuchsaufbau\Drohnen\DROMA\Simulation\scripts\sitl\build\_deps\googletest-src\googletest\src\gtest_main.cc
Note: Google Test filter = McuGolden.DeterministicAcrossFreshInstances
[==========] Running 1 test from 1 test suite.
[----------] Global test environment set-up.
[----------] 1 test from McuGolden
[ RUN      ] McuGolden.DeterministicAcrossFreshInstances
[       OK ] McuGolden.DeterministicAcrossFreshInstances (88 ms)
[----------] 1 test from McuGolden (88 ms total)

[----------] Global test environment tear-down
[==========] 1 test from 1 test suite ran. (88 ms total)
[  PASSED  ] 1 test.
<end of output>
Test time =   0.10 sec
----------------------------------------------------------
Test Passed.
"McuGolden.DeterministicAcrossFreshInstances" end time: Jul 13 14:40 Mitteleuropäische Sommerzeit
"McuGolden.DeterministicAcrossFreshInstances" time elapsed: 00:00:00
----------------------------------------------------------

28/28 Testing: McuFailsafe.Estop2KillsThrottleAndRotor
28/28 Test: McuFailsafe.Estop2KillsThrottleAndRotor
Command: "C:/Users/Nick/thesis_doctoral/MAS Versuchsaufbau/Drohnen/DROMA/Simulation/scripts/sitl/build/Release/test_mcu_model.exe" "--gtest_filter=McuFailsafe.Estop2KillsThrottleAndRotor" "--gtest_also_run_disabled_tests"
Directory: C:/Users/Nick/thesis_doctoral/MAS Versuchsaufbau/Drohnen/DROMA/Simulation/scripts/sitl/build
"McuFailsafe.Estop2KillsThrottleAndRotor" start time: Jul 13 14:40 Mitteleuropäische Sommerzeit
Output:
----------------------------------------------------------
Running main() from C:\Users\Nick\thesis_doctoral\MAS Versuchsaufbau\Drohnen\DROMA\Simulation\scripts\sitl\build\_deps\googletest-src\googletest\src\gtest_main.cc
Note: Google Test filter = McuFailsafe.Estop2KillsThrottleAndRotor
[==========] Running 1 test from 1 test suite.
[----------] Global test environment set-up.
[----------] 1 test from McuFailsafe
[ RUN      ] McuFailsafe.Estop2KillsThrottleAndRotor
[       OK ] McuFailsafe.Estop2KillsThrottleAndRotor (0 ms)
[----------] 1 test from McuFailsafe (0 ms total)

[----------] Global test environment tear-down
[==========] 1 test from 1 test suite ran. (0 ms total)
[  PASSED  ] 1 test.
<end of output>
Test time =   0.01 sec
----------------------------------------------------------
Test Passed.
"McuFailsafe.Estop2KillsThrottleAndRotor" end time: Jul 13 14:40 Mitteleuropäische Sommerzeit
"McuFailsafe.Estop2KillsThrottleAndRotor" time elapsed: 00:00:00
----------------------------------------------------------

End testing: Jul 13 14:40 Mitteleuropäische Sommerzeit
