Start testing: Jul 08 09:19 Mitteleuropäische Sommerzeit
----------------------------------------------------------
21/22 Testing: McuGolden.RotorCmdMatchesGolden
21/22 Test: McuGolden.RotorCmdMatchesGolden
Command: "C:/Users/Nick/thesis_doctoral/MAS Versuchsaufbau/Drohnen/DROMA/Simulation/scripts/sitl/build/Release/test_mcu_model.exe" "--gtest_filter=McuGolden.RotorCmdMatchesGolden" "--gtest_also_run_disabled_tests"
Directory: C:/Users/Nick/thesis_doctoral/MAS Versuchsaufbau/Drohnen/DROMA/Simulation/scripts/sitl/build
"McuGolden.RotorCmdMatchesGolden" start time: Jul 08 09:19 Mitteleuropäische Sommerzeit
Output:
----------------------------------------------------------
Running main() from C:\Users\Nick\thesis_doctoral\MAS Versuchsaufbau\Drohnen\DROMA\Simulation\scripts\sitl\build\_deps\googletest-src\googletest\src\gtest_main.cc
Note: Google Test filter = McuGolden.RotorCmdMatchesGolden
[==========] Running 1 test from 1 test suite.
[----------] Global test environment set-up.
[----------] 1 test from McuGolden
[ RUN      ] McuGolden.RotorCmdMatchesGolden
[       OK ] McuGolden.RotorCmdMatchesGolden (52 ms)
[----------] 1 test from McuGolden (52 ms total)

[----------] Global test environment tear-down
[==========] 1 test from 1 test suite ran. (52 ms total)
[  PASSED  ] 1 test.
<end of output>
Test time =   0.09 sec
----------------------------------------------------------
Test Passed.
"McuGolden.RotorCmdMatchesGolden" end time: Jul 08 09:19 Mitteleuropäische Sommerzeit
"McuGolden.RotorCmdMatchesGolden" time elapsed: 00:00:00
----------------------------------------------------------

22/22 Testing: McuGolden.DeterministicAcrossFreshInstances
22/22 Test: McuGolden.DeterministicAcrossFreshInstances
Command: "C:/Users/Nick/thesis_doctoral/MAS Versuchsaufbau/Drohnen/DROMA/Simulation/scripts/sitl/build/Release/test_mcu_model.exe" "--gtest_filter=McuGolden.DeterministicAcrossFreshInstances" "--gtest_also_run_disabled_tests"
Directory: C:/Users/Nick/thesis_doctoral/MAS Versuchsaufbau/Drohnen/DROMA/Simulation/scripts/sitl/build
"McuGolden.DeterministicAcrossFreshInstances" start time: Jul 08 09:19 Mitteleuropäische Sommerzeit
Output:
----------------------------------------------------------
Running main() from C:\Users\Nick\thesis_doctoral\MAS Versuchsaufbau\Drohnen\DROMA\Simulation\scripts\sitl\build\_deps\googletest-src\googletest\src\gtest_main.cc
Note: Google Test filter = McuGolden.DeterministicAcrossFreshInstances
[==========] Running 1 test from 1 test suite.
[----------] Global test environment set-up.
[----------] 1 test from McuGolden
[ RUN      ] McuGolden.DeterministicAcrossFreshInstances
[       OK ] McuGolden.DeterministicAcrossFreshInstances (60 ms)
[----------] 1 test from McuGolden (60 ms total)

[----------] Global test environment tear-down
[==========] 1 test from 1 test suite ran. (60 ms total)
[  PASSED  ] 1 test.
<end of output>
Test time =   0.07 sec
----------------------------------------------------------
Test Passed.
"McuGolden.DeterministicAcrossFreshInstances" end time: Jul 08 09:19 Mitteleuropäische Sommerzeit
"McuGolden.DeterministicAcrossFreshInstances" time elapsed: 00:00:00
----------------------------------------------------------

End testing: Jul 08 09:19 Mitteleuropäische Sommerzeit
